{"C:\\Users\\dubey\\extension\\src\\constants.ts": {"path":"C:\\Users\\dubey\\extension\\src\\constants.ts","statementMap":{"0":{"start":{"line":2,"column":13},"end":{"line":12,"column":11}},"1":{"start":{"line":15,"column":13},"end":{"line":19,"column":11}},"2":{"start":{"line":22,"column":13},"end":{"line":28,"column":11}},"3":{"start":{"line":31,"column":13},"end":{"line":35,"column":11}},"4":{"start":{"line":38,"column":13},"end":{"line":41,"column":11}},"5":{"start":{"line":39,"column":21},"end":{"line":39,"column":72}}},"fnMap":{"0":{"name":"(anonymous_0)","decl":{"start":{"line":39,"column":15},"end":{"line":39,"column":18}},"loc":{"start":{"line":39,"column":21},"end":{"line":39,"column":72}}}},"branchMap":{},"s":{"0":1,"1":1,"2":1,"3":1,"4":1,"5":0},"f":{"0":0},"b":{}}
,"C:\\Users\\dubey\\extension\\src\\services\\storage.ts": {"path":"C:\\Users\\dubey\\extension\\src\\services\\storage.ts","statementMap":{"0":{"start":{"line":2,"column":0},"end":{"line":2,"column":43}},"1":{"start":{"line":3,"column":0},"end":{"line":3,"column":77}},"2":{"start":{"line":4,"column":0},"end":{"line":4,"column":61}},"3":{"start":{"line":6,"column":28},"end":{"line":6,"column":46}},"4":{"start":{"line":7,"column":27},"end":{"line":7,"column":37}},"5":{"start":{"line":8,"column":26},"end":{"line":8,"column":50}},"6":{"start":{"line":12,"column":19},"end":{"line":12,"column":70}},"7":{"start":{"line":13,"column":4},"end":{"line":13,"column":45}},"8":{"start":{"line":17,"column":4},"end":{"line":20,"column":5}},"9":{"start":{"line":18,"column":23},"end":{"line":18,"column":81}},"10":{"start":{"line":19,"column":6},"end":{"line":19,"column":79}},"11":{"start":{"line":23,"column":4},"end":{"line":31,"column":5}},"12":{"start":{"line":24,"column":6},"end":{"line":28,"column":7}},"13":{"start":{"line":25,"column":8},"end":{"line":25,"column":53}},"14":{"start":{"line":27,"column":8},"end":{"line":27,"column":47}},"15":{"start":{"line":30,"column":6},"end":{"line":30,"column":71}},"16":{"start":{"line":33,"column":20},"end":{"line":33,"column":43}},"17":{"start":{"line":35,"column":4},"end":{"line":37,"column":5}},"18":{"start":{"line":36,"column":6},"end":{"line":36,"column":76}},"19":{"start":{"line":39,"column":4},"end":{"line":43,"column":5}},"20":{"start":{"line":40,"column":26},"end":{"line":40,"column":78}},"21":{"start":{"line":42,"column":6},"end":{"line":42,"column":46}},"22":{"start":{"line":45,"column":4},"end":{"line":48,"column":7}},"23":{"start":{"line":50,"column":4},"end":{"line":50,"column":71}},"24":{"start":{"line":54,"column":20},"end":{"line":54,"column":43}},"25":{"start":{"line":55,"column":21},"end":{"line":56,"column":null}},"26":{"start":{"line":56,"column":13},"end":{"line":56,"column":64}},"27":{"start":{"line":58,"column":4},"end":{"line":58,"column":72}},"28":{"start":{"line":60,"column":4},"end":{"line":60,"column":88}},"29":{"start":{"line":62,"column":16},"end":{"line":62,"column":65}},"30":{"start":{"line":63,"column":18},"end":{"line":63,"column":46}},"31":{"start":{"line":64,"column":21},"end":{"line":64,"column":78}},"32":{"start":{"line":64,"column":49},"end":{"line":64,"column":77}},"33":{"start":{"line":65,"column":4},"end":{"line":65,"column":70}},"34":{"start":{"line":69,"column":16},"end":{"line":69,"column":65}},"35":{"start":{"line":70,"column":18},"end":{"line":70,"column":46}},"36":{"start":{"line":71,"column":4},"end":{"line":71,"column":38}},"37":{"start":{"line":71,"column":28},"end":{"line":71,"column":38}},"38":{"start":{"line":73,"column":17},"end":{"line":73,"column":70}},"39":{"start":{"line":73,"column":42},"end":{"line":73,"column":69}},"40":{"start":{"line":74,"column":21},"end":{"line":74,"column":57}},"41":{"start":{"line":76,"column":52},"end":{"line":76,"column":54}},"42":{"start":{"line":77,"column":4},"end":{"line":80,"column":7}},"43":{"start":{"line":78,"column":16},"end":{"line":78,"column":52}},"44":{"start":{"line":79,"column":6},"end":{"line":79,"column":29}},"45":{"start":{"line":79,"column":13},"end":{"line":79,"column":29}},"46":{"start":{"line":81,"column":4},"end":{"line":81,"column":20}},"47":{"start":{"line":85,"column":21},"end":{"line":85,"column":51}},"48":{"start":{"line":88,"column":27},"end":{"line":95,"column":6}},"49":{"start":{"line":98,"column":4},"end":{"line":98,"column":93}},"50":{"start":{"line":101,"column":16},"end":{"line":101,"column":65}},"51":{"start":{"line":102,"column":18},"end":{"line":102,"column":46}},"52":{"start":{"line":103,"column":4},"end":{"line":106,"column":5}},"53":{"start":{"line":104,"column":6},"end":{"line":104,"column":27}},"54":{"start":{"line":105,"column":6},"end":{"line":105,"column":69}},"55":{"start":{"line":109,"column":4},"end":{"line":109,"column":53}},"56":{"start":{"line":113,"column":20},"end":{"line":113,"column":43}},"57":{"start":{"line":114,"column":28},"end":{"line":114,"column":81}},"58":{"start":{"line":114,"column":55},"end":{"line":114,"column":79}},"59":{"start":{"line":116,"column":38},"end":{"line":116,"column":84}},"60":{"start":{"line":117,"column":4},"end":{"line":117,"column":60}},"61":{"start":{"line":117,"column":17},"end":{"line":117,"column":60}},"62":{"start":{"line":119,"column":31},"end":{"line":119,"column":33}},"63":{"start":{"line":120,"column":31},"end":{"line":120,"column":33}},"64":{"start":{"line":122,"column":4},"end":{"line":128,"column":5}},"65":{"start":{"line":123,"column":6},"end":{"line":127,"column":7}},"66":{"start":{"line":124,"column":8},"end":{"line":124,"column":51}},"67":{"start":{"line":126,"column":8},"end":{"line":126,"column":25}},"68":{"start":{"line":130,"column":4},"end":{"line":133,"column":5}},"69":{"start":{"line":131,"column":6},"end":{"line":131,"column":50}},"70":{"start":{"line":132,"column":6},"end":{"line":132,"column":72}},"71":{"start":{"line":137,"column":16},"end":{"line":137,"column":64}},"72":{"start":{"line":138,"column":16},"end":{"line":138,"column":51}},"73":{"start":{"line":139,"column":4},"end":{"line":139,"column":28}},"74":{"start":{"line":10,"column":0},"end":{"line":10,"column":13}}},"fnMap":{"0":{"name":"(anonymous_0)","decl":{"start":{"line":11,"column":2},"end":{"line":11,"column":8}},"loc":{"start":{"line":11,"column":25},"end":{"line":14,"column":3}}},"1":{"name":"(anonymous_1)","decl":{"start":{"line":16,"column":2},"end":{"line":16,"column":8}},"loc":{"start":{"line":16,"column":41},"end":{"line":51,"column":3}}},"2":{"name":"(anonymous_2)","decl":{"start":{"line":40,"column":19},"end":{"line":40,"column":20}},"loc":{"start":{"line":40,"column":26},"end":{"line":40,"column":78}}},"3":{"name":"(anonymous_3)","decl":{"start":{"line":53,"column":2},"end":{"line":53,"column":8}},"loc":{"start":{"line":53,"column":44},"end":{"line":66,"column":3}}},"4":{"name":"(anonymous_4)","decl":{"start":{"line":56,"column":6},"end":{"line":56,"column":7}},"loc":{"start":{"line":56,"column":13},"end":{"line":56,"column":64}}},"5":{"name":"(anonymous_5)","decl":{"start":{"line":64,"column":34},"end":{"line":64,"column":35}},"loc":{"start":{"line":64,"column":49},"end":{"line":64,"column":77}}},"6":{"name":"(anonymous_6)","decl":{"start":{"line":68,"column":2},"end":{"line":68,"column":8}},"loc":{"start":{"line":68,"column":26},"end":{"line":82,"column":3}}},"7":{"name":"(anonymous_7)","decl":{"start":{"line":73,"column":27},"end":{"line":73,"column":28}},"loc":{"start":{"line":73,"column":42},"end":{"line":73,"column":69}}},"8":{"name":"(anonymous_8)","decl":{"start":{"line":77,"column":18},"end":{"line":77,"column":19}},"loc":{"start":{"line":77,"column":32},"end":{"line":80,"column":5}}},"9":{"name":"(anonymous_9)","decl":{"start":{"line":84,"column":2},"end":{"line":84,"column":8}},"loc":{"start":{"line":84,"column":49},"end":{"line":110,"column":3}}},"10":{"name":"(anonymous_10)","decl":{"start":{"line":112,"column":10},"end":{"line":112,"column":16}},"loc":{"start":{"line":112,"column":54},"end":{"line":134,"column":3}}},"11":{"name":"(anonymous_11)","decl":{"start":{"line":114,"column":48},"end":{"line":114,"column":49}},"loc":{"start":{"line":114,"column":55},"end":{"line":114,"column":79}}},"12":{"name":"(anonymous_12)","decl":{"start":{"line":136,"column":2},"end":{"line":136,"column":8}},"loc":{"start":{"line":136,"column":42},"end":{"line":140,"column":3}}}},"branchMap":{"0":{"loc":{"start":{"line":13,"column":11},"end":{"line":13,"column":44}},"type":"binary-expr","locations":[{"start":{"line":13,"column":11},"end":{"line":13,"column":38}},{"start":{"line":13,"column":42},"end":{"line":13,"column":44}}]},"1":{"loc":{"start":{"line":17,"column":4},"end":{"line":20,"column":5}},"type":"if","locations":[{"start":{"line":17,"column":4},"end":{"line":20,"column":5}},{"start":{},"end":{}}]},"2":{"loc":{"start":{"line":24,"column":6},"end":{"line":28,"column":7}},"type":"if","locations":[{"start":{"line":24,"column":6},"end":{"line":28,"column":7}},{"start":{"line":26,"column":13},"end":{"line":28,"column":7}}]},"3":{"loc":{"start":{"line":35,"column":4},"end":{"line":37,"column":5}},"type":"if","locations":[{"start":{"line":35,"column":4},"end":{"line":37,"column":5}},{"start":{},"end":{}}]},"4":{"loc":{"start":{"line":39,"column":4},"end":{"line":43,"column":5}},"type":"if","locations":[{"start":{"line":39,"column":4},"end":{"line":43,"column":5}},{"start":{},"end":{}}]},"5":{"loc":{"start":{"line":63,"column":18},"end":{"line":63,"column":46}},"type":"binary-expr","locations":[{"start":{"line":63,"column":18},"end":{"line":63,"column":40}},{"start":{"line":63,"column":44},"end":{"line":63,"column":46}}]},"6":{"loc":{"start":{"line":70,"column":18},"end":{"line":70,"column":46}},"type":"binary-expr","locations":[{"start":{"line":70,"column":18},"end":{"line":70,"column":40}},{"start":{"line":70,"column":44},"end":{"line":70,"column":46}}]},"7":{"loc":{"start":{"line":71,"column":4},"end":{"line":71,"column":38}},"type":"if","locations":[{"start":{"line":71,"column":4},"end":{"line":71,"column":38}},{"start":{},"end":{}}]},"8":{"loc":{"start":{"line":79,"column":6},"end":{"line":79,"column":29}},"type":"if","locations":[{"start":{"line":79,"column":6},"end":{"line":79,"column":29}},{"start":{},"end":{}}]},"9":{"loc":{"start":{"line":102,"column":18},"end":{"line":102,"column":46}},"type":"binary-expr","locations":[{"start":{"line":102,"column":18},"end":{"line":102,"column":40}},{"start":{"line":102,"column":44},"end":{"line":102,"column":46}}]},"10":{"loc":{"start":{"line":103,"column":4},"end":{"line":106,"column":5}},"type":"if","locations":[{"start":{"line":103,"column":4},"end":{"line":106,"column":5}},{"start":{},"end":{}}]},"11":{"loc":{"start":{"line":117,"column":4},"end":{"line":117,"column":60}},"type":"if","locations":[{"start":{"line":117,"column":4},"end":{"line":117,"column":60}},{"start":{},"end":{}}]},"12":{"loc":{"start":{"line":123,"column":6},"end":{"line":127,"column":7}},"type":"if","locations":[{"start":{"line":123,"column":6},"end":{"line":127,"column":7}},{"start":{"line":125,"column":13},"end":{"line":127,"column":7}}]},"13":{"loc":{"start":{"line":130,"column":4},"end":{"line":133,"column":5}},"type":"if","locations":[{"start":{"line":130,"column":4},"end":{"line":133,"column":5}},{"start":{},"end":{}}]},"14":{"loc":{"start":{"line":139,"column":11},"end":{"line":139,"column":27}},"type":"binary-expr","locations":[{"start":{"line":139,"column":11},"end":{"line":139,"column":19}},{"start":{"line":139,"column":23},"end":{"line":139,"column":27}}]}},"s":{"0":1,"1":1,"2":1,"3":1,"4":1,"5":1,"6":9,"7":9,"8":4,"9":0,"10":0,"11":4,"12":4,"13":0,"14":4,"15":0,"16":4,"17":4,"18":1,"19":3,"20":2,"21":2,"22":1,"23":1,"24":2,"25":2,"26":3,"27":2,"28":2,"29":2,"30":2,"31":2,"32":3,"33":2,"34":0,"35":0,"36":0,"37":0,"38":0,"39":0,"40":0,"41":0,"42":0,"43":0,"44":0,"45":0,"46":0,"47":1,"48":1,"49":1,"50":1,"51":1,"52":1,"53":1,"54":1,"55":1,"56":1,"57":1,"58":0,"59":1,"60":1,"61":0,"62":1,"63":1,"64":1,"65":1,"66":1,"67":0,"68":1,"69":1,"70":1,"71":2,"72":2,"73":2,"74":1},"f":{"0":9,"1":4,"2":2,"3":2,"4":3,"5":3,"6":0,"7":0,"8":0,"9":1,"10":1,"11":0,"12":2},"b":{"0":[9,2],"1":[0,4],"2":[0,4],"3":[1,3],"4":[2,1],"5":[2,0],"6":[0,0],"7":[0,0],"8":[0,0],"9":[1,0],"10":[1,0],"11":[0,1],"12":[1,0],"13":[1,0],"14":[2,1]}}
,"C:\\Users\\dubey\\extension\\src\\utils\\circuit-breaker.ts": {"path":"C:\\Users\\dubey\\extension\\src\\utils\\circuit-breaker.ts","statementMap":{"0":{"start":{"line":7,"column":0},"end":{"line":7,"column":null}},"1":{"start":{"line":8,"column":2},"end":{"line":8,"column":null}},"2":{"start":{"line":9,"column":2},"end":{"line":9,"column":null}},"3":{"start":{"line":10,"column":2},"end":{"line":10,"column":null}},"4":{"start":{"line":14,"column":10},"end":{"line":14,"column":52}},"5":{"start":{"line":15,"column":10},"end":{"line":15,"column":23}},"6":{"start":{"line":16,"column":10},"end":{"line":16,"column":27}},"7":{"start":{"line":17,"column":10},"end":{"line":17,"column":27}},"8":{"start":{"line":24,"column":4},"end":{"line":24,"column":58}},"9":{"start":{"line":25,"column":4},"end":{"line":25,"column":54}},"10":{"start":{"line":26,"column":4},"end":{"line":26,"column":60}},"11":{"start":{"line":30,"column":4},"end":{"line":32,"column":5}},"12":{"start":{"line":31,"column":6},"end":{"line":31,"column":71}},"13":{"start":{"line":34,"column":4},"end":{"line":41,"column":5}},"14":{"start":{"line":35,"column":21},"end":{"line":35,"column":31}},"15":{"start":{"line":36,"column":6},"end":{"line":36,"column":23}},"16":{"start":{"line":37,"column":6},"end":{"line":37,"column":20}},"17":{"start":{"line":39,"column":6},"end":{"line":39,"column":23}},"18":{"start":{"line":40,"column":6},"end":{"line":40,"column":18}},"19":{"start":{"line":45,"column":4},"end":{"line":56,"column":5}},"20":{"start":{"line":46,"column":32},"end":{"line":46,"column":62}},"21":{"start":{"line":48,"column":6},"end":{"line":53,"column":7}},"22":{"start":{"line":49,"column":8},"end":{"line":49,"column":67}},"23":{"start":{"line":50,"column":8},"end":{"line":50,"column":44}},"24":{"start":{"line":51,"column":8},"end":{"line":51,"column":30}},"25":{"start":{"line":52,"column":8},"end":{"line":52,"column":21}},"26":{"start":{"line":55,"column":6},"end":{"line":55,"column":18}},"27":{"start":{"line":58,"column":4},"end":{"line":58,"column":17}},"28":{"start":{"line":62,"column":4},"end":{"line":62,"column":22}},"29":{"start":{"line":64,"column":4},"end":{"line":72,"column":5}},"30":{"start":{"line":65,"column":6},"end":{"line":65,"column":26}},"31":{"start":{"line":67,"column":6},"end":{"line":71,"column":7}},"32":{"start":{"line":68,"column":8},"end":{"line":68,"column":64}},"33":{"start":{"line":69,"column":8},"end":{"line":69,"column":41}},"34":{"start":{"line":70,"column":8},"end":{"line":70,"column":30}},"35":{"start":{"line":76,"column":4},"end":{"line":76,"column":20}},"36":{"start":{"line":77,"column":4},"end":{"line":77,"column":35}},"37":{"start":{"line":79,"column":4},"end":{"line":82,"column":5}},"38":{"start":{"line":80,"column":6},"end":{"line":80,"column":60}},"39":{"start":{"line":81,"column":6},"end":{"line":81,"column":37}},"40":{"start":{"line":86,"column":4},"end":{"line":86,"column":22}},"41":{"start":{"line":90,"column":4},"end":{"line":90,"column":37}},"42":{"start":{"line":91,"column":4},"end":{"line":91,"column":22}},"43":{"start":{"line":92,"column":4},"end":{"line":92,"column":26}},"44":{"start":{"line":93,"column":4},"end":{"line":93,"column":26}},"45":{"start":{"line":13,"column":0},"end":{"line":13,"column":13}}},"fnMap":{"0":{"name":"(anonymous_0)","decl":{"start":{"line":7,"column":0},"end":{"line":7,"column":5}},"loc":{"start":{"line":7,"column":17},"end":{"line":11,"column":1}}},"1":{"name":"(anonymous_1)","decl":{"start":{"line":23,"column":2},"end":{"line":23,"column":14}},"loc":{"start":{"line":23,"column":49},"end":{"line":27,"column":3}}},"2":{"name":"(anonymous_2)","decl":{"start":{"line":29,"column":2},"end":{"line":29,"column":7}},"loc":{"start":{"line":29,"column":39},"end":{"line":42,"column":3}}},"3":{"name":"(anonymous_3)","decl":{"start":{"line":44,"column":10},"end":{"line":44,"column":16}},"loc":{"start":{"line":44,"column":16},"end":{"line":59,"column":3}}},"4":{"name":"(anonymous_4)","decl":{"start":{"line":61,"column":10},"end":{"line":61,"column":19}},"loc":{"start":{"line":61,"column":19},"end":{"line":73,"column":3}}},"5":{"name":"(anonymous_5)","decl":{"start":{"line":75,"column":10},"end":{"line":75,"column":19}},"loc":{"start":{"line":75,"column":19},"end":{"line":83,"column":3}}},"6":{"name":"(anonymous_6)","decl":{"start":{"line":85,"column":2},"end":{"line":85,"column":10}},"loc":{"start":{"line":85,"column":10},"end":{"line":87,"column":3}}},"7":{"name":"(anonymous_7)","decl":{"start":{"line":89,"column":2},"end":{"line":89,"column":7}},"loc":{"start":{"line":89,"column":7},"end":{"line":94,"column":3}}}},"branchMap":{"0":{"loc":{"start":{"line":7,"column":5},"end":{"line":7,"column":null}},"type":"binary-expr","locations":[{"start":{"line":7,"column":5},"end":{"line":7,"column":17}},{"start":{"line":7,"column":5},"end":{"line":7,"column":null}}]},"1":{"loc":{"start":{"line":23,"column":14},"end":{"line":23,"column":49}},"type":"default-arg","locations":[{"start":{"line":23,"column":47},"end":{"line":23,"column":49}}]},"2":{"loc":{"start":{"line":24,"column":28},"end":{"line":24,"column":57}},"type":"binary-expr","locations":[{"start":{"line":24,"column":28},"end":{"line":24,"column":52}},{"start":{"line":24,"column":56},"end":{"line":24,"column":57}}]},"3":{"loc":{"start":{"line":25,"column":24},"end":{"line":25,"column":53}},"type":"binary-expr","locations":[{"start":{"line":25,"column":24},"end":{"line":25,"column":44}},{"start":{"line":25,"column":48},"end":{"line":25,"column":53}}]},"4":{"loc":{"start":{"line":26,"column":27},"end":{"line":26,"column":59}},"type":"binary-expr","locations":[{"start":{"line":26,"column":27},"end":{"line":26,"column":50}},{"start":{"line":26,"column":54},"end":{"line":26,"column":59}}]},"5":{"loc":{"start":{"line":30,"column":4},"end":{"line":32,"column":5}},"type":"if","locations":[{"start":{"line":30,"column":4},"end":{"line":32,"column":5}},{"start":{},"end":{}}]},"6":{"loc":{"start":{"line":45,"column":4},"end":{"line":56,"column":5}},"type":"if","locations":[{"start":{"line":45,"column":4},"end":{"line":56,"column":5}},{"start":{},"end":{}}]},"7":{"loc":{"start":{"line":48,"column":6},"end":{"line":53,"column":7}},"type":"if","locations":[{"start":{"line":48,"column":6},"end":{"line":53,"column":7}},{"start":{},"end":{}}]},"8":{"loc":{"start":{"line":64,"column":4},"end":{"line":72,"column":5}},"type":"if","locations":[{"start":{"line":64,"column":4},"end":{"line":72,"column":5}},{"start":{},"end":{}}]},"9":{"loc":{"start":{"line":67,"column":6},"end":{"line":71,"column":7}},"type":"if","locations":[{"start":{"line":67,"column":6},"end":{"line":71,"column":7}},{"start":{},"end":{}}]},"10":{"loc":{"start":{"line":79,"column":4},"end":{"line":82,"column":5}},"type":"if","locations":[{"start":{"line":79,"column":4},"end":{"line":82,"column":5}},{"start":{},"end":{}}]}},"s":{"0":1,"1":1,"2":1,"3":1,"4":7,"5":7,"6":7,"7":7,"8":7,"9":7,"10":7,"11":22,"12":1,"13":21,"14":21,"15":6,"16":6,"17":15,"18":15,"19":22,"20":3,"21":3,"22":2,"23":2,"24":2,"25":2,"26":1,"27":19,"28":6,"29":6,"30":3,"31":3,"32":1,"33":1,"34":1,"35":15,"36":15,"37":15,"38":5,"39":5,"40":10,"41":1,"42":1,"43":1,"44":1,"45":1},"f":{"0":1,"1":7,"2":22,"3":22,"4":6,"5":15,"6":10,"7":1},"b":{"0":[1,1],"1":[0],"2":[7,0],"3":[7,5],"4":[7,7],"5":[1,21],"6":[3,19],"7":[2,1],"8":[3,3],"9":[1,2],"10":[5,10]}}
,"C:\\Users\\dubey\\extension\\src\\utils\\rate-limiter.ts": {"path":"C:\\Users\\dubey\\extension\\src\\utils\\rate-limiter.ts","statementMap":{"0":{"start":{"line":7,"column":10},"end":{"line":7,"column":34}},"1":{"start":{"line":12,"column":4},"end":{"line":12,"column":43}},"2":{"start":{"line":13,"column":4},"end":{"line":13,"column":37}},"3":{"start":{"line":17,"column":16},"end":{"line":17,"column":26}},"4":{"start":{"line":19,"column":4},"end":{"line":19,"column":89}},"5":{"start":{"line":19,"column":56},"end":{"line":19,"column":87}},"6":{"start":{"line":21,"column":4},"end":{"line":23,"column":5}},"7":{"start":{"line":22,"column":6},"end":{"line":22,"column":19}},"8":{"start":{"line":25,"column":4},"end":{"line":25,"column":28}},"9":{"start":{"line":26,"column":4},"end":{"line":26,"column":16}},"10":{"start":{"line":30,"column":4},"end":{"line":32,"column":5}},"11":{"start":{"line":31,"column":6},"end":{"line":31,"column":15}},"12":{"start":{"line":34,"column":16},"end":{"line":34,"column":26}},"13":{"start":{"line":35,"column":26},"end":{"line":35,"column":42}},"14":{"start":{"line":36,"column":24},"end":{"line":36,"column":43}},"15":{"start":{"line":38,"column":4},"end":{"line":38,"column":52}},"16":{"start":{"line":42,"column":16},"end":{"line":42,"column":26}},"17":{"start":{"line":43,"column":4},"end":{"line":43,"column":89}},"18":{"start":{"line":43,"column":56},"end":{"line":43,"column":87}},"19":{"start":{"line":45,"column":4},"end":{"line":45,"column":64}},"20":{"start":{"line":49,"column":4},"end":{"line":49,"column":23}},"21":{"start":{"line":6,"column":0},"end":{"line":6,"column":13}},"22":{"start":{"line":53,"column":13},"end":{"line":56,"column":3}},"23":{"start":{"line":58,"column":13},"end":{"line":61,"column":3}},"24":{"start":{"line":63,"column":13},"end":{"line":66,"column":3}}},"fnMap":{"0":{"name":"(anonymous_0)","decl":{"start":{"line":11,"column":2},"end":{"line":11,"column":14}},"loc":{"start":{"line":11,"column":41},"end":{"line":14,"column":3}}},"1":{"name":"(anonymous_1)","decl":{"start":{"line":16,"column":2},"end":{"line":16,"column":12}},"loc":{"start":{"line":16,"column":12},"end":{"line":27,"column":3}}},"2":{"name":"(anonymous_2)","decl":{"start":{"line":19,"column":41},"end":{"line":19,"column":42}},"loc":{"start":{"line":19,"column":56},"end":{"line":19,"column":87}}},"3":{"name":"(anonymous_3)","decl":{"start":{"line":29,"column":2},"end":{"line":29,"column":19}},"loc":{"start":{"line":29,"column":19},"end":{"line":39,"column":3}}},"4":{"name":"(anonymous_4)","decl":{"start":{"line":41,"column":2},"end":{"line":41,"column":22}},"loc":{"start":{"line":41,"column":22},"end":{"line":46,"column":3}}},"5":{"name":"(anonymous_5)","decl":{"start":{"line":43,"column":41},"end":{"line":43,"column":42}},"loc":{"start":{"line":43,"column":56},"end":{"line":43,"column":87}}},"6":{"name":"(anonymous_6)","decl":{"start":{"line":48,"column":2},"end":{"line":48,"column":7}},"loc":{"start":{"line":48,"column":7},"end":{"line":50,"column":3}}}},"branchMap":{"0":{"loc":{"start":{"line":21,"column":4},"end":{"line":23,"column":5}},"type":"if","locations":[{"start":{"line":21,"column":4},"end":{"line":23,"column":5}},{"start":{},"end":{}}]},"1":{"loc":{"start":{"line":30,"column":4},"end":{"line":32,"column":5}},"type":"if","locations":[{"start":{"line":30,"column":4},"end":{"line":32,"column":5}},{"start":{},"end":{}}]}},"s":{"0":15,"1":15,"2":15,"3":23,"4":23,"5":22,"6":23,"7":4,"8":19,"9":19,"10":2,"11":1,"12":1,"13":1,"14":1,"15":1,"16":5,"17":5,"18":5,"19":5,"20":1,"21":2,"22":2,"23":2,"24":2},"f":{"0":15,"1":23,"2":22,"3":2,"4":5,"5":5,"6":1},"b":{"0":[4,19],"1":[1,1]}}
,"C:\\Users\\dubey\\extension\\src\\utils\\retry.ts": {"path":"C:\\Users\\dubey\\extension\\src\\utils\\retry.ts","statementMap":{"0":{"start":{"line":15,"column":0},"end":{"line":15,"column":7}},"1":{"start":{"line":49,"column":0},"end":{"line":49,"column":16}},"2":{"start":{"line":59,"column":0},"end":{"line":59,"column":16}},"3":{"start":{"line":8,"column":48},"end":{"line":13,"column":2}},"4":{"start":{"line":12,"column":21},"end":{"line":12,"column":25}},"5":{"start":{"line":19,"column":15},"end":{"line":19,"column":49}},"6":{"start":{"line":22,"column":2},"end":{"line":44,"column":3}},"7":{"start":{"line":22,"column":21},"end":{"line":22,"column":22}},"8":{"start":{"line":23,"column":4},"end":{"line":43,"column":5}},"9":{"start":{"line":24,"column":6},"end":{"line":24,"column":24}},"10":{"start":{"line":26,"column":6},"end":{"line":26,"column":24}},"11":{"start":{"line":28,"column":6},"end":{"line":30,"column":7}},"12":{"start":{"line":29,"column":8},"end":{"line":29,"column":20}},"13":{"start":{"line":32,"column":6},"end":{"line":34,"column":7}},"14":{"start":{"line":33,"column":8},"end":{"line":33,"column":20}},"15":{"start":{"line":36,"column":20},"end":{"line":38,"column":null}},"16":{"start":{"line":41,"column":6},"end":{"line":41,"column":86}},"17":{"start":{"line":42,"column":6},"end":{"line":42,"column":65}},"18":{"start":{"line":42,"column":37},"end":{"line":42,"column":63}},"19":{"start":{"line":46,"column":2},"end":{"line":46,"column":18}},"20":{"start":{"line":50,"column":2},"end":{"line":56,"column":4}},"21":{"start":{"line":60,"column":2},"end":{"line":64,"column":4}}},"fnMap":{"0":{"name":"(anonymous_0)","decl":{"start":{"line":12,"column":15},"end":{"line":12,"column":18}},"loc":{"start":{"line":12,"column":21},"end":{"line":12,"column":25}}},"1":{"name":"withRetry","decl":{"start":{"line":15,"column":22},"end":{"line":15,"column":31}},"loc":{"start":{"line":17,"column":28},"end":{"line":47,"column":1}}},"2":{"name":"(anonymous_2)","decl":{"start":{"line":42,"column":24},"end":{"line":42,"column":25}},"loc":{"start":{"line":42,"column":37},"end":{"line":42,"column":63}}},"3":{"name":"isNetworkError","decl":{"start":{"line":49,"column":16},"end":{"line":49,"column":30}},"loc":{"start":{"line":49,"column":41},"end":{"line":57,"column":1}}},"4":{"name":"isRateLimitError","decl":{"start":{"line":59,"column":16},"end":{"line":59,"column":32}},"loc":{"start":{"line":59,"column":43},"end":{"line":65,"column":1}}}},"branchMap":{"0":{"loc":{"start":{"line":17,"column":2},"end":{"line":17,"column":28}},"type":"default-arg","locations":[{"start":{"line":17,"column":26},"end":{"line":17,"column":28}}]},"1":{"loc":{"start":{"line":28,"column":6},"end":{"line":30,"column":7}},"type":"if","locations":[{"start":{"line":28,"column":6},"end":{"line":30,"column":7}},{"start":{},"end":{}}]},"2":{"loc":{"start":{"line":32,"column":6},"end":{"line":34,"column":7}},"type":"if","locations":[{"start":{"line":32,"column":6},"end":{"line":34,"column":7}},{"start":{},"end":{}}]},"3":{"loc":{"start":{"line":51,"column":4},"end":{"line":55,"column":31}},"type":"binary-expr","locations":[{"start":{"line":51,"column":4},"end":{"line":51,"column":37}},{"start":{"line":52,"column":4},"end":{"line":52,"column":39}},{"start":{"line":53,"column":4},"end":{"line":53,"column":39}},{"start":{"line":54,"column":4},"end":{"line":54,"column":34}},{"start":{"line":55,"column":4},"end":{"line":55,"column":31}}]},"4":{"loc":{"start":{"line":61,"column":4},"end":{"line":63,"column":49}},"type":"binary-expr","locations":[{"start":{"line":61,"column":4},"end":{"line":61,"column":25}},{"start":{"line":62,"column":4},"end":{"line":62,"column":42}},{"start":{"line":63,"column":4},"end":{"line":63,"column":49}}]}},"s":{"0":1,"1":1,"2":1,"3":1,"4":3,"5":4,"6":4,"7":4,"8":6,"9":6,"10":4,"11":4,"12":1,"13":3,"14":1,"15":2,"16":2,"17":2,"18":2,"19":0,"20":6,"21":5},"f":{"0":3,"1":4,"2":2,"3":6,"4":5},"b":{"0":[1],"1":[1,3],"2":[1,2],"3":[6,5,4,4,3],"4":[5,4,3]}}
,"C:\\Users\\dubey\\extension\\src\\utils\\sanitize.ts": {"path":"C:\\Users\\dubey\\extension\\src\\utils\\sanitize.ts","statementMap":{"0":{"start":{"line":1,"column":0},"end":{"line":1,"column":16}},"1":{"start":{"line":23,"column":0},"end":{"line":23,"column":16}},"2":{"start":{"line":48,"column":0},"end":{"line":48,"column":16}},"3":{"start":{"line":69,"column":0},"end":{"line":69,"column":16}},"4":{"start":{"line":87,"column":0},"end":{"line":87,"column":16}},"5":{"start":{"line":98,"column":0},"end":{"line":98,"column":16}},"6":{"start":{"line":2,"column":2},"end":{"line":4,"column":3}},"7":{"start":{"line":3,"column":4},"end":{"line":3,"column":46}},"8":{"start":{"line":6,"column":20},"end":{"line":10,"column":17}},"9":{"start":{"line":12,"column":2},"end":{"line":14,"column":3}},"10":{"start":{"line":13,"column":4},"end":{"line":13,"column":48}},"11":{"start":{"line":16,"column":2},"end":{"line":18,"column":3}},"12":{"start":{"line":17,"column":4},"end":{"line":17,"column":62}},"13":{"start":{"line":20,"column":2},"end":{"line":20,"column":19}},"14":{"start":{"line":24,"column":2},"end":{"line":26,"column":3}},"15":{"start":{"line":25,"column":4},"end":{"line":25,"column":41}},"16":{"start":{"line":28,"column":2},"end":{"line":45,"column":3}},"17":{"start":{"line":29,"column":16},"end":{"line":29,"column":37}},"18":{"start":{"line":31,"column":4},"end":{"line":33,"column":5}},"19":{"start":{"line":32,"column":6},"end":{"line":32,"column":55}},"20":{"start":{"line":35,"column":4},"end":{"line":37,"column":5}},"21":{"start":{"line":36,"column":6},"end":{"line":36,"column":53}},"22":{"start":{"line":39,"column":4},"end":{"line":39,"column":26}},"23":{"start":{"line":41,"column":4},"end":{"line":43,"column":5}},"24":{"start":{"line":42,"column":6},"end":{"line":42,"column":44}},"25":{"start":{"line":44,"column":4},"end":{"line":44,"column":16}},"26":{"start":{"line":49,"column":2},"end":{"line":66,"column":3}},"27":{"start":{"line":50,"column":25},"end":{"line":50,"column":41}},"28":{"start":{"line":51,"column":19},"end":{"line":51,"column":40}},"29":{"start":{"line":52,"column":22},"end":{"line":52,"column":64}},"30":{"start":{"line":54,"column":26},"end":{"line":54,"column":52}},"31":{"start":{"line":55,"column":4},"end":{"line":57,"column":5}},"32":{"start":{"line":56,"column":6},"end":{"line":56,"column":56}},"33":{"start":{"line":59,"column":4},"end":{"line":61,"column":5}},"34":{"start":{"line":60,"column":6},"end":{"line":60,"column":63}},"35":{"start":{"line":63,"column":4},"end":{"line":63,"column":59}},"36":{"start":{"line":65,"column":4},"end":{"line":65,"column":79}},"37":{"start":{"line":70,"column":2},"end":{"line":72,"column":3}},"38":{"start":{"line":71,"column":4},"end":{"line":71,"column":17}},"39":{"start":{"line":74,"column":18},"end":{"line":74,"column":30}},"40":{"start":{"line":76,"column":2},"end":{"line":78,"column":3}},"41":{"start":{"line":77,"column":4},"end":{"line":77,"column":16}},"42":{"start":{"line":80,"column":2},"end":{"line":82,"column":3}},"43":{"start":{"line":81,"column":4},"end":{"line":81,"column":16}},"44":{"start":{"line":84,"column":2},"end":{"line":84,"column":15}},"45":{"start":{"line":88,"column":2},"end":{"line":90,"column":3}},"46":{"start":{"line":89,"column":4},"end":{"line":89,"column":17}},"47":{"start":{"line":92,"column":18},"end":{"line":92,"column":36}},"48":{"start":{"line":93,"column":18},"end":{"line":93,"column":29}},"49":{"start":{"line":95,"column":2},"end":{"line":95,"column":78}},"50":{"start":{"line":99,"column":2},"end":{"line":101,"column":3}},"51":{"start":{"line":100,"column":4},"end":{"line":100,"column":14}},"52":{"start":{"line":103,"column":2},"end":{"line":109,"column":30}}},"fnMap":{"0":{"name":"sanitizeUsername","decl":{"start":{"line":1,"column":16},"end":{"line":1,"column":32}},"loc":{"start":{"line":1,"column":46},"end":{"line":21,"column":1}}},"1":{"name":"sanitizeUrl","decl":{"start":{"line":23,"column":16},"end":{"line":23,"column":27}},"loc":{"start":{"line":23,"column":41},"end":{"line":46,"column":1}}},"2":{"name":"extractUsernameFromUrl","decl":{"start":{"line":48,"column":16},"end":{"line":48,"column":38}},"loc":{"start":{"line":48,"column":50},"end":{"line":67,"column":1}}},"3":{"name":"validateGitHubToken","decl":{"start":{"line":69,"column":16},"end":{"line":69,"column":35}},"loc":{"start":{"line":69,"column":49},"end":{"line":85,"column":1}}},"4":{"name":"validateRepositoryName","decl":{"start":{"line":87,"column":16},"end":{"line":87,"column":38}},"loc":{"start":{"line":87,"column":51},"end":{"line":96,"column":1}}},"5":{"name":"sanitizeHtml","decl":{"start":{"line":98,"column":16},"end":{"line":98,"column":28}},"loc":{"start":{"line":98,"column":42},"end":{"line":110,"column":1}}}},"branchMap":{"0":{"loc":{"start":{"line":2,"column":2},"end":{"line":4,"column":3}},"type":"if","locations":[{"start":{"line":2,"column":2},"end":{"line":4,"column":3}},{"start":{},"end":{}}]},"1":{"loc":{"start":{"line":2,"column":6},"end":{"line":2,"column":41}},"type":"binary-expr","locations":[{"start":{"line":2,"column":6},"end":{"line":2,"column":12}},{"start":{"line":2,"column":16},"end":{"line":2,"column":41}}]},"2":{"loc":{"start":{"line":12,"column":2},"end":{"line":14,"column":3}},"type":"if","locations":[{"start":{"line":12,"column":2},"end":{"line":14,"column":3}},{"start":{},"end":{}}]},"3":{"loc":{"start":{"line":16,"column":2},"end":{"line":18,"column":3}},"type":"if","locations":[{"start":{"line":16,"column":2},"end":{"line":18,"column":3}},{"start":{},"end":{}}]},"4":{"loc":{"start":{"line":24,"column":2},"end":{"line":26,"column":3}},"type":"if","locations":[{"start":{"line":24,"column":2},"end":{"line":26,"column":3}},{"start":{},"end":{}}]},"5":{"loc":{"start":{"line":24,"column":6},"end":{"line":24,"column":41}},"type":"binary-expr","locations":[{"start":{"line":24,"column":6},"end":{"line":24,"column":12}},{"start":{"line":24,"column":16},"end":{"line":24,"column":41}}]},"6":{"loc":{"start":{"line":31,"column":4},"end":{"line":33,"column":5}},"type":"if","locations":[{"start":{"line":31,"column":4},"end":{"line":33,"column":5}},{"start":{},"end":{}}]},"7":{"loc":{"start":{"line":35,"column":4},"end":{"line":37,"column":5}},"type":"if","locations":[{"start":{"line":35,"column":4},"end":{"line":37,"column":5}},{"start":{},"end":{}}]},"8":{"loc":{"start":{"line":41,"column":4},"end":{"line":43,"column":5}},"type":"if","locations":[{"start":{"line":41,"column":4},"end":{"line":43,"column":5}},{"start":{},"end":{}}]},"9":{"loc":{"start":{"line":55,"column":4},"end":{"line":57,"column":5}},"type":"if","locations":[{"start":{"line":55,"column":4},"end":{"line":57,"column":5}},{"start":{},"end":{}}]},"10":{"loc":{"start":{"line":55,"column":8},"end":{"line":55,"column":61}},"type":"binary-expr","locations":[{"start":{"line":55,"column":8},"end":{"line":55,"column":25}},{"start":{"line":55,"column":29},"end":{"line":55,"column":61}}]},"11":{"loc":{"start":{"line":59,"column":4},"end":{"line":61,"column":5}},"type":"if","locations":[{"start":{"line":59,"column":4},"end":{"line":61,"column":5}},{"start":{},"end":{}}]},"12":{"loc":{"start":{"line":70,"column":2},"end":{"line":72,"column":3}},"type":"if","locations":[{"start":{"line":70,"column":2},"end":{"line":72,"column":3}},{"start":{},"end":{}}]},"13":{"loc":{"start":{"line":70,"column":6},"end":{"line":70,"column":41}},"type":"binary-expr","locations":[{"start":{"line":70,"column":6},"end":{"line":70,"column":12}},{"start":{"line":70,"column":16},"end":{"line":70,"column":41}}]},"14":{"loc":{"start":{"line":76,"column":2},"end":{"line":78,"column":3}},"type":"if","locations":[{"start":{"line":76,"column":2},"end":{"line":78,"column":3}},{"start":{},"end":{}}]},"15":{"loc":{"start":{"line":76,"column":6},"end":{"line":76,"column":57}},"type":"binary-expr","locations":[{"start":{"line":76,"column":6},"end":{"line":76,"column":32}},{"start":{"line":76,"column":36},"end":{"line":76,"column":57}}]},"16":{"loc":{"start":{"line":80,"column":2},"end":{"line":82,"column":3}},"type":"if","locations":[{"start":{"line":80,"column":2},"end":{"line":82,"column":3}},{"start":{},"end":{}}]},"17":{"loc":{"start":{"line":80,"column":6},"end":{"line":80,"column":62}},"type":"binary-expr","locations":[{"start":{"line":80,"column":6},"end":{"line":80,"column":39}},{"start":{"line":80,"column":43},"end":{"line":80,"column":62}}]},"18":{"loc":{"start":{"line":88,"column":2},"end":{"line":90,"column":3}},"type":"if","locations":[{"start":{"line":88,"column":2},"end":{"line":90,"column":3}},{"start":{},"end":{}}]},"19":{"loc":{"start":{"line":88,"column":6},"end":{"line":88,"column":39}},"type":"binary-expr","locations":[{"start":{"line":88,"column":6},"end":{"line":88,"column":11}},{"start":{"line":88,"column":15},"end":{"line":88,"column":39}}]},"20":{"loc":{"start":{"line":95,"column":9},"end":{"line":95,"column":77}},"type":"binary-expr","locations":[{"start":{"line":95,"column":9},"end":{"line":95,"column":30}},{"start":{"line":95,"column":34},"end":{"line":95,"column":52}},{"start":{"line":95,"column":56},"end":{"line":95,"column":77}}]},"21":{"loc":{"start":{"line":99,"column":2},"end":{"line":101,"column":3}},"type":"if","locations":[{"start":{"line":99,"column":2},"end":{"line":101,"column":3}},{"start":{},"end":{}}]},"22":{"loc":{"start":{"line":99,"column":6},"end":{"line":99,"column":41}},"type":"binary-expr","locations":[{"start":{"line":99,"column":6},"end":{"line":99,"column":12}},{"start":{"line":99,"column":16},"end":{"line":99,"column":41}}]}},"s":{"0":2,"1":2,"2":2,"3":2,"4":2,"5":2,"6":17,"7":3,"8":14,"9":14,"10":1,"11":13,"12":1,"13":12,"14":9,"15":2,"16":7,"17":7,"18":6,"19":2,"20":4,"21":0,"22":4,"23":3,"24":0,"25":3,"26":4,"27":4,"28":3,"29":3,"30":3,"31":3,"32":2,"33":1,"34":1,"35":0,"36":1,"37":6,"38":2,"39":4,"40":4,"41":1,"42":3,"43":1,"44":2,"45":8,"46":2,"47":6,"48":6,"49":6,"50":4,"51":2,"52":2},"f":{"0":17,"1":9,"2":4,"3":6,"4":8,"5":4},"b":{"0":[3,14],"1":[17,15],"2":[1,13],"3":[1,12],"4":[2,7],"5":[9,7],"6":[2,4],"7":[0,4],"8":[0,3],"9":[2,1],"10":[3,2],"11":[1,0],"12":[2,4],"13":[6,4],"14":[1,3],"15":[4,2],"16":[1,2],"17":[3,1],"18":[2,6],"19":[8,6],"20":[6,4,4],"21":[2,2],"22":[4,2]}}
}
