TN:
SF:src\constants.ts
FN:39,(anonymous_0)
FNF:1
FNH:0
FNDA:0,(anonymous_0)
DA:2,1
DA:15,1
DA:22,1
DA:31,1
DA:38,1
DA:39,0
LF:6
LH:5
BRF:0
BRH:0
end_of_record
TN:
SF:src\services\storage.ts
FN:11,(anonymous_0)
FN:16,(anonymous_1)
FN:40,(anonymous_2)
FN:53,(anonymous_3)
FN:56,(anonymous_4)
FN:64,(anonymous_5)
FN:68,(anonymous_6)
FN:73,(anonymous_7)
FN:77,(anonymous_8)
FN:84,(anonymous_9)
FN:112,(anonymous_10)
FN:114,(anonymous_11)
FN:136,(anonymous_12)
FNF:13
FNH:9
FNDA:9,(anonymous_0)
FNDA:4,(anonymous_1)
FNDA:2,(anonymous_2)
FNDA:2,(anonymous_3)
FNDA:3,(anonymous_4)
FNDA:3,(anonymous_5)
FNDA:0,(anonymous_6)
FNDA:0,(anonymous_7)
FNDA:0,(anonymous_8)
FNDA:1,(anonymous_9)
FNDA:1,(anonymous_10)
FNDA:0,(anonymous_11)
FNDA:2,(anonymous_12)
DA:2,1
DA:3,1
DA:4,1
DA:6,1
DA:7,1
DA:8,1
DA:10,1
DA:12,9
DA:13,9
DA:17,4
DA:18,0
DA:19,0
DA:23,4
DA:24,4
DA:25,0
DA:27,4
DA:30,0
DA:33,4
DA:35,4
DA:36,1
DA:39,3
DA:40,2
DA:42,2
DA:45,1
DA:50,1
DA:54,2
DA:55,2
DA:56,3
DA:58,2
DA:60,2
DA:62,2
DA:63,2
DA:64,3
DA:65,2
DA:69,0
DA:70,0
DA:71,0
DA:73,0
DA:74,0
DA:76,0
DA:77,0
DA:78,0
DA:79,0
DA:81,0
DA:85,1
DA:88,1
DA:98,1
DA:101,1
DA:102,1
DA:103,1
DA:104,1
DA:105,1
DA:109,1
DA:113,1
DA:114,1
DA:116,1
DA:117,1
DA:119,1
DA:120,1
DA:122,1
DA:123,1
DA:124,1
DA:126,0
DA:130,1
DA:131,1
DA:132,1
DA:137,2
DA:138,2
DA:139,2
LF:69
LH:54
BRDA:13,0,0,9
BRDA:13,0,1,2
BRDA:17,1,0,0
BRDA:17,1,1,4
BRDA:24,2,0,0
BRDA:24,2,1,4
BRDA:35,3,0,1
BRDA:35,3,1,3
BRDA:39,4,0,2
BRDA:39,4,1,1
BRDA:63,5,0,2
BRDA:63,5,1,0
BRDA:70,6,0,0
BRDA:70,6,1,0
BRDA:71,7,0,0
BRDA:71,7,1,0
BRDA:79,8,0,0
BRDA:79,8,1,0
BRDA:102,9,0,1
BRDA:102,9,1,0
BRDA:103,10,0,1
BRDA:103,10,1,0
BRDA:117,11,0,0
BRDA:117,11,1,1
BRDA:123,12,0,1
BRDA:123,12,1,0
BRDA:130,13,0,1
BRDA:130,13,1,0
BRDA:139,14,0,2
BRDA:139,14,1,1
BRF:30
BRH:16
end_of_record
TN:
SF:src\utils\circuit-breaker.ts
FN:7,(anonymous_0)
FN:23,(anonymous_1)
FN:29,(anonymous_2)
FN:44,(anonymous_3)
FN:61,(anonymous_4)
FN:75,(anonymous_5)
FN:85,(anonymous_6)
FN:89,(anonymous_7)
FNF:8
FNH:8
FNDA:1,(anonymous_0)
FNDA:7,(anonymous_1)
FNDA:22,(anonymous_2)
FNDA:22,(anonymous_3)
FNDA:6,(anonymous_4)
FNDA:15,(anonymous_5)
FNDA:10,(anonymous_6)
FNDA:1,(anonymous_7)
DA:7,1
DA:8,1
DA:9,1
DA:10,1
DA:13,1
DA:14,7
DA:15,7
DA:16,7
DA:17,7
DA:24,7
DA:25,7
DA:26,7
DA:30,22
DA:31,1
DA:34,21
DA:35,21
DA:36,6
DA:37,6
DA:39,15
DA:40,15
DA:45,22
DA:46,3
DA:48,3
DA:49,2
DA:50,2
DA:51,2
DA:52,2
DA:55,1
DA:58,19
DA:62,6
DA:64,6
DA:65,3
DA:67,3
DA:68,1
DA:69,1
DA:70,1
DA:76,15
DA:77,15
DA:79,15
DA:80,5
DA:81,5
DA:86,10
DA:90,1
DA:91,1
DA:92,1
DA:93,1
LF:46
LH:46
BRDA:7,0,0,1
BRDA:7,0,1,1
BRDA:23,1,0,0
BRDA:24,2,0,7
BRDA:24,2,1,0
BRDA:25,3,0,7
BRDA:25,3,1,5
BRDA:26,4,0,7
BRDA:26,4,1,7
BRDA:30,5,0,1
BRDA:30,5,1,21
BRDA:45,6,0,3
BRDA:45,6,1,19
BRDA:48,7,0,2
BRDA:48,7,1,1
BRDA:64,8,0,3
BRDA:64,8,1,3
BRDA:67,9,0,1
BRDA:67,9,1,2
BRDA:79,10,0,5
BRDA:79,10,1,10
BRF:21
BRH:19
end_of_record
TN:
SF:src\utils\rate-limiter.ts
FN:11,(anonymous_0)
FN:16,(anonymous_1)
FN:19,(anonymous_2)
FN:29,(anonymous_3)
FN:41,(anonymous_4)
FN:43,(anonymous_5)
FN:48,(anonymous_6)
FNF:7
FNH:7
FNDA:15,(anonymous_0)
FNDA:23,(anonymous_1)
FNDA:22,(anonymous_2)
FNDA:2,(anonymous_3)
FNDA:5,(anonymous_4)
FNDA:5,(anonymous_5)
FNDA:1,(anonymous_6)
DA:6,2
DA:7,15
DA:12,15
DA:13,15
DA:17,23
DA:19,23
DA:21,23
DA:22,4
DA:25,19
DA:26,19
DA:30,2
DA:31,1
DA:34,1
DA:35,1
DA:36,1
DA:38,1
DA:42,5
DA:43,5
DA:45,5
DA:49,1
DA:53,2
DA:58,2
DA:63,2
LF:23
LH:23
BRDA:21,0,0,4
BRDA:21,0,1,19
BRDA:30,1,0,1
BRDA:30,1,1,1
BRF:4
BRH:4
end_of_record
TN:
SF:src\utils\retry.ts
FN:12,(anonymous_0)
FN:15,withRetry
FN:42,(anonymous_2)
FN:49,isNetworkError
FN:59,isRateLimitError
FNF:5
FNH:5
FNDA:3,(anonymous_0)
FNDA:4,withRetry
FNDA:2,(anonymous_2)
FNDA:6,isNetworkError
FNDA:5,isRateLimitError
DA:8,1
DA:12,3
DA:15,1
DA:19,4
DA:22,4
DA:23,6
DA:24,6
DA:26,4
DA:28,4
DA:29,1
DA:32,3
DA:33,1
DA:36,2
DA:41,2
DA:42,2
DA:46,0
DA:49,1
DA:50,6
DA:59,1
DA:60,5
LF:20
LH:19
BRDA:17,0,0,1
BRDA:28,1,0,1
BRDA:28,1,1,3
BRDA:32,2,0,1
BRDA:32,2,1,2
BRDA:51,3,0,6
BRDA:51,3,1,5
BRDA:51,3,2,4
BRDA:51,3,3,4
BRDA:51,3,4,3
BRDA:61,4,0,5
BRDA:61,4,1,4
BRDA:61,4,2,3
BRF:13
BRH:13
end_of_record
TN:
SF:src\utils\sanitize.ts
FN:1,sanitizeUsername
FN:23,sanitizeUrl
FN:48,extractUsernameFromUrl
FN:69,validateGitHubToken
FN:87,validateRepositoryName
FN:98,sanitizeHtml
FNF:6
FNH:6
FNDA:17,sanitizeUsername
FNDA:9,sanitizeUrl
FNDA:4,extractUsernameFromUrl
FNDA:6,validateGitHubToken
FNDA:8,validateRepositoryName
FNDA:4,sanitizeHtml
DA:1,2
DA:2,17
DA:3,3
DA:6,14
DA:12,14
DA:13,1
DA:16,13
DA:17,1
DA:20,12
DA:23,2
DA:24,9
DA:25,2
DA:28,7
DA:29,7
DA:31,6
DA:32,2
DA:35,4
DA:36,0
DA:39,4
DA:41,3
DA:42,0
DA:44,3
DA:48,2
DA:49,4
DA:50,4
DA:51,3
DA:52,3
DA:54,3
DA:55,3
DA:56,2
DA:59,1
DA:60,1
DA:63,0
DA:65,1
DA:69,2
DA:70,6
DA:71,2
DA:74,4
DA:76,4
DA:77,1
DA:80,3
DA:81,1
DA:84,2
DA:87,2
DA:88,8
DA:89,2
DA:92,6
DA:93,6
DA:95,6
DA:98,2
DA:99,4
DA:100,2
DA:103,2
LF:53
LH:50
BRDA:2,0,0,3
BRDA:2,0,1,14
BRDA:2,1,0,17
BRDA:2,1,1,15
BRDA:12,2,0,1
BRDA:12,2,1,13
BRDA:16,3,0,1
BRDA:16,3,1,12
BRDA:24,4,0,2
BRDA:24,4,1,7
BRDA:24,5,0,9
BRDA:24,5,1,7
BRDA:31,6,0,2
BRDA:31,6,1,4
BRDA:35,7,0,0
BRDA:35,7,1,4
BRDA:41,8,0,0
BRDA:41,8,1,3
BRDA:55,9,0,2
BRDA:55,9,1,1
BRDA:55,10,0,3
BRDA:55,10,1,2
BRDA:59,11,0,1
BRDA:59,11,1,0
BRDA:70,12,0,2
BRDA:70,12,1,4
BRDA:70,13,0,6
BRDA:70,13,1,4
BRDA:76,14,0,1
BRDA:76,14,1,3
BRDA:76,15,0,4
BRDA:76,15,1,2
BRDA:80,16,0,1
BRDA:80,16,1,2
BRDA:80,17,0,3
BRDA:80,17,1,1
BRDA:88,18,0,2
BRDA:88,18,1,6
BRDA:88,19,0,8
BRDA:88,19,1,6
BRDA:95,20,0,6
BRDA:95,20,1,4
BRDA:95,20,2,4
BRDA:99,21,0,2
BRDA:99,21,1,2
BRDA:99,22,0,4
BRDA:99,22,1,2
BRF:47
BRH:44
end_of_record
